{
  "RSpec": {
    "coverage": {
      "c:/Users/ricardo/workspace/estudando-ruby/spec/condicionais_spec.rb": [
        1,
        null,
        1,
        null,
        1,
        1,
        1,
        1,
        null,
        null,
        1,
        null,
        null,
        1,
        1,
        1,
        0,
        null,
        1,
        null,
        null,
        1,
        null,
        null,
        1,
        1,
        1,
        0,
        null,
        null,
        null,
        0,
        null,
        null,
        1,
        null,
        null,
        1,
        1,
        1,
        null,
        1,
        null,
        null,
        1,
        1,
        1,
        null,
        1,
        null,
        null,
        null
      ],
      "c:/Users/ricardo/workspace/estudando-ruby/spec/conversoes_spec.rb": [
        1,
        null,
        1,
        null,
        1,
        1,
        1,
        null,
        null,
        1,
        1,
        1,
        null,
        null,
        1,
        1,
        null,
        null,
        1,
        1,
        null,
        1,
        null,
        null,
        1,
        1,
        null,
        null,
        1,
        1,
        null,
        null,
        null
      ],
      "c:/Users/ricardo/workspace/estudando-ruby/spec/hash_spec.rb": [
        1,
        null,
        1,
        null,
        1,
        null,
        null,
        null,
        null,
        4,
        null,
        null,
        1,
        1,
        null,
        null,
        1,
        1,
        null,
        1,
        null,
        null,
        1,
        null,
        null,
        1,
        null,
        1,
        null,
        1,
        1,
        null,
        1,
        null,
        null,
        1,
        null,
        1,
        null,
        1,
        1,
        1,
        null,
        null,
        null
      ],
      "c:/Users/ricardo/workspace/estudando-ruby/spec/interacoes_spec.rb": [
        1,
        null,
        1,
        null,
        1,
        1,
        1,
        10,
        null,
        null,
        1,
        null,
        null,
        1,
        1,
        null,
        1,
        6,
        null,
        null,
        1,
        null,
        null,
        1,
        1,
        null,
        1,
        6,
        5,
        null,
        null,
        1,
        null,
        null,
        null,
        1,
        1,
        null,
        1,
        6,
        4,
        null,
        null,
        1,
        null,
        null,
        1,
        1,
        1,
        5,
        null,
        null,
        1,
        null,
        null,
        1,
        null,
        1,
        1,
        1,
        5,
        null,
        null,
        1,
        null,
        null,
        null,
        null
      ],
      "c:/Users/ricardo/workspace/estudando-ruby/spec/iteradores_spec.rb": [
        1,
        null,
        1,
        null,
        1,
        1,
        1,
        1,
        3,
        3,
        null,
        1,
        null,
        null,
        1,
        null,
        1,
        1,
        5,
        5,
        null,
        1,
        null,
        null,
        1,
        null,
        1,
        1,
        5,
        5,
        null,
        1,
        null,
        null,
        1,
        1,
        1,
        5,
        5,
        null,
        1,
        null,
        null,
        null,
        null,
        null
      ],
      "c:/Users/ricardo/workspace/estudando-ruby/spec/proc_e_lambda_spec.rb": [
        1,
        null,
        1,
        null,
        1,
        null,
        2,
        null,
        1,
        null,
        null,
        1,
        3,
        null,
        null,
        1,
        null,
        null,
        1,
        null,
        null,
        1,
        6,
        null,
        null,
        null,
        1,
        1,
        null,
        null,
        1,
        2,
        1,
        null,
        null,
        1,
        null,
        2,
        null,
        1,
        null,
        null,
        1,
        3,
        null,
        1,
        null,
        null,
        1,
        2,
        null,
        1,
        null,
        null,
        1,
        2,
        null,
        null,
        1,
        1,
        null,
        null
      ],
      "c:/Users/ricardo/workspace/estudando-ruby/spec/usando-minha-gem_spec.rb": [
        1,
        null,
        null,
        1,
        1,
        1,
        1,
        null,
        null,
        1,
        1,
        1,
        null,
        null
      ]
    },
    "timestamp": 1444959982
  }
}
